<?xml version="1.0" encoding="UTF-8"?>
<!-- Generated by org.testng.reporters.JUnitReportReporter -->
<testsuite hostname="IN01N03557" failures="0" tests="2" name="Project.Sample.fb_test" time="18.664" errors="0" timestamp="2024-07-07T18:28:51 IST" skipped="0">
  <testcase classname="Project.Sample.fb_test" name="fb_Login" time="12.589"/>
  <system-out/>
  <testcase classname="Project.Sample.fb_test" name="fb_Login" time="6.075"/>
  <system-out/>
</testsuite> <!-- Project.Sample.fb_test -->
